d:\ofx\misczofx\miscz\miscz\x64\release\add.obj
d:\ofx\misczofx\miscz\miscz\x64\release\adjustrod.obj
d:\ofx\misczofx\miscz\miscz\x64\release\anaglyph.obj
d:\ofx\misczofx\miscz\miscz\x64\release\appendclip.obj
d:\ofx\misczofx\miscz\miscz\x64\release\checkerboard.obj
d:\ofx\misczofx\miscz\miscz\x64\release\chromakeyer.obj
d:\ofx\misczofx\miscz\miscz\x64\release\clamp.obj
d:\ofx\misczofx\miscz\miscz\x64\release\cliptest.obj
d:\ofx\misczofx\miscz\miscz\x64\release\colorcorrect.obj
d:\ofx\misczofx\miscz\miscz\x64\release\colormatrix.obj
d:\ofx\misczofx\miscz\miscz\x64\release\colorsuppress.obj
d:\ofx\misczofx\miscz\miscz\x64\release\colortransform.obj
d:\ofx\misczofx\miscz\miscz\x64\release\constant.obj
d:\ofx\misczofx\miscz\miscz\x64\release\contactsheet.obj
d:\ofx\misczofx\miscz\miscz\x64\release\copyrectangle.obj
d:\ofx\misczofx\miscz\miscz\x64\release\cornerpin.obj
d:\ofx\misczofx\miscz\miscz\x64\release\crop.obj
d:\ofx\misczofx\miscz\miscz\x64\release\deinterlace.obj
d:\ofx\misczofx\miscz\miscz\x64\release\despill.obj
d:\ofx\misczofx\miscz\miscz\x64\release\difference.obj
d:\ofx\misczofx\miscz\miscz\x64\release\dissolve.obj
d:\ofx\misczofx\miscz\miscz\x64\release\distortion.obj
d:\ofx\misczofx\miscz\miscz\x64\release\frameblend.obj
d:\ofx\misczofx\miscz\miscz\x64\release\framehold.obj
d:\ofx\misczofx\miscz\miscz\x64\release\framerange.obj
d:\ofx\misczofx\miscz\miscz\x64\release\gamma.obj
d:\ofx\misczofx\miscz\miscz\x64\release\grade.obj
d:\ofx\misczofx\miscz\miscz\x64\release\hsvtool.obj
d:\ofx\misczofx\miscz\miscz\x64\release\imagestatistics.obj
d:\ofx\misczofx\miscz\miscz\x64\release\invert.obj
d:\ofx\misczofx\miscz\miscz\x64\release\joinviews.obj
d:\ofx\misczofx\miscz\miscz\x64\release\keyer.obj
d:\ofx\misczofx\miscz\miscz\x64\release\layercontactsheet.obj
d:\ofx\misczofx\miscz\miscz\x64\release\mattemonitor.obj
d:\ofx\misczofx\miscz\miscz\x64\release\merge.obj
d:\ofx\misczofx\miscz\miscz\x64\release\mirror.obj
d:\ofx\misczofx\miscz\miscz\x64\release\mixviews.obj
d:\ofx\misczofx\miscz\miscz\x64\release\multiply.obj
d:\ofx\misczofx\miscz\miscz\x64\release\noop.obj
d:\ofx\misczofx\miscz\miscz\x64\release\notimeblur.obj
d:\ofx\misczofx\miscz\miscz\x64\release\oneview.obj
d:\ofx\misczofx\miscz\miscz\x64\release\position.obj
d:\ofx\misczofx\miscz\miscz\x64\release\premult.obj
d:\ofx\misczofx\miscz\miscz\x64\release\radial.obj
d:\ofx\misczofx\miscz\miscz\x64\release\ramp.obj
d:\ofx\misczofx\miscz\miscz\x64\release\randomgenerator.obj
d:\ofx\misczofx\miscz\miscz\x64\release\reconverge.obj
d:\ofx\misczofx\miscz\miscz\x64\release\rectangle.obj
d:\ofx\misczofx\miscz\miscz\x64\release\retime.obj
d:\ofx\misczofx\miscz\miscz\x64\release\roto.obj
d:\ofx\misczofx\miscz\miscz\x64\release\saturation.obj
d:\ofx\misczofx\miscz\miscz\x64\release\shuffle.obj
d:\ofx\misczofx\miscz\miscz\x64\release\sidebyside.obj
d:\ofx\misczofx\miscz\miscz\x64\release\slitscan.obj
d:\ofx\misczofx\miscz\miscz\x64\release\spritesheet.obj
d:\ofx\misczofx\miscz\miscz\x64\release\switch.obj
d:\ofx\misczofx\miscz\miscz\x64\release\testgroups.obj
d:\ofx\misczofx\miscz\miscz\x64\release\testposition.obj
d:\ofx\misczofx\miscz\miscz\x64\release\testrender.obj
d:\ofx\misczofx\miscz\miscz\x64\release\timebuffer.obj
d:\ofx\misczofx\miscz\miscz\x64\release\timeoffset.obj
d:\ofx\misczofx\miscz\miscz\x64\release\trackerpm.obj
d:\ofx\misczofx\miscz\miscz\x64\release\transform.obj
d:\ofx\misczofx\miscz\miscz\x64\release\vectortocolor.obj
d:\ofx\misczofx\miscz\miscz\x64\release\vc143.pdb
d:\ofx\misczofx\miscz\miscz\x64\release\miscz.tlog\cl.command.1.tlog
